srun -n 4 -c 64 --cpu-bind=cores ./matrix 8 4
Time is 0.004064
8.000000 8.000000 8.000000 8.000000 8.000000 8.000000 8.000000 8.000000 
8.000000 8.000000 8.000000 8.000000 8.000000 8.000000 8.000000 8.000000 
8.000000 8.000000 8.000000 8.000000 8.000000 8.000000 8.000000 8.000000 
8.000000 8.000000 8.000000 8.000000 8.000000 8.000000 8.000000 8.000000 
8.000000 8.000000 8.000000 8.000000 8.000000 8.000000 8.000000 8.000000 
8.000000 8.000000 8.000000 8.000000 8.000000 8.000000 8.000000 8.000000 
8.000000 8.000000 8.000000 8.000000 8.000000 8.000000 8.000000 8.000000 
8.000000 8.000000 8.000000 8.000000 8.000000 8.000000 8.000000 8.000000 
srun -n 8 -c 32 --cpu-bind=cores ./matrix 8 4
srun: Job 10046584 step creation temporarily disabled, retrying (Requested nodes are busy)
srun: Step created for StepId=10046584.1
Time is 0.000720
8.000000 8.000000 8.000000 8.000000 8.000000 8.000000 8.000000 8.000000 
8.000000 8.000000 8.000000 8.000000 8.000000 8.000000 8.000000 8.000000 
8.000000 8.000000 8.000000 8.000000 8.000000 8.000000 8.000000 8.000000 
8.000000 8.000000 8.000000 8.000000 8.000000 8.000000 8.000000 8.000000 
8.000000 8.000000 8.000000 8.000000 8.000000 8.000000 8.000000 8.000000 
8.000000 8.000000 8.000000 8.000000 8.000000 8.000000 8.000000 8.000000 
8.000000 8.000000 8.000000 8.000000 8.000000 8.000000 8.000000 8.000000 
8.000000 8.000000 8.000000 8.000000 8.000000 8.000000 8.000000 8.000000 
