use the default GNU compiler

Lmod is automatically replacing "gpu/1.0" with "cpu/1.0".



Hello from rank 0, thread 0, on nid004235. (core affinity = 0)
Hello from rank 0, thread 1, on nid004235. (core affinity = 2)
Hello from rank 0, thread 2, on nid004235. (core affinity = 4)
Hello from rank 0, thread 3, on nid004235. (core affinity = 6)
Hello from rank 0, thread 4, on nid004235. (core affinity = 8)
Hello from rank 0, thread 5, on nid004235. (core affinity = 10)
Hello from rank 0, thread 6, on nid004235. (core affinity = 12)
Hello from rank 0, thread 7, on nid004235. (core affinity = 14)
Hello from rank 1, thread 0, on nid004235. (core affinity = 64)
Hello from rank 1, thread 1, on nid004235. (core affinity = 66)
Hello from rank 1, thread 2, on nid004235. (core affinity = 68)
Hello from rank 1, thread 3, on nid004235. (core affinity = 70)
Hello from rank 1, thread 4, on nid004235. (core affinity = 72)
Hello from rank 1, thread 5, on nid004235. (core affinity = 74)
Hello from rank 1, thread 6, on nid004235. (core affinity = 76)
Hello from rank 1, thread 7, on nid004235. (core affinity = 78)
Hello from rank 2, thread 0, on nid004235. (core affinity = 16)
Hello from rank 2, thread 1, on nid004235. (core affinity = 18)
Hello from rank 2, thread 2, on nid004235. (core affinity = 20)
Hello from rank 2, thread 3, on nid004235. (core affinity = 22)
Hello from rank 2, thread 4, on nid004235. (core affinity = 24)
Hello from rank 2, thread 5, on nid004235. (core affinity = 26)
Hello from rank 2, thread 6, on nid004235. (core affinity = 28)
Hello from rank 2, thread 7, on nid004235. (core affinity = 30)
Hello from rank 3, thread 0, on nid004235. (core affinity = 80)
Hello from rank 3, thread 1, on nid004235. (core affinity = 82)
Hello from rank 3, thread 2, on nid004235. (core affinity = 84)
Hello from rank 3, thread 3, on nid004235. (core affinity = 86)
Hello from rank 3, thread 4, on nid004235. (core affinity = 88)
Hello from rank 3, thread 5, on nid004235. (core affinity = 90)
Hello from rank 3, thread 6, on nid004235. (core affinity = 92)
Hello from rank 3, thread 7, on nid004235. (core affinity = 94)
Hello from rank 4, thread 0, on nid004235. (core affinity = 32)
Hello from rank 4, thread 1, on nid004235. (core affinity = 34)
Hello from rank 4, thread 2, on nid004235. (core affinity = 36)
Hello from rank 4, thread 3, on nid004235. (core affinity = 38)
Hello from rank 4, thread 4, on nid004235. (core affinity = 40)
Hello from rank 4, thread 5, on nid004235. (core affinity = 42)
Hello from rank 4, thread 6, on nid004235. (core affinity = 44)
Hello from rank 4, thread 7, on nid004235. (core affinity = 46)
Hello from rank 5, thread 0, on nid004235. (core affinity = 96)
Hello from rank 5, thread 1, on nid004235. (core affinity = 98)
Hello from rank 5, thread 2, on nid004235. (core affinity = 100)
Hello from rank 5, thread 3, on nid004235. (core affinity = 102)
Hello from rank 5, thread 4, on nid004235. (core affinity = 104)
Hello from rank 5, thread 5, on nid004235. (core affinity = 106)
Hello from rank 5, thread 6, on nid004235. (core affinity = 108)
Hello from rank 5, thread 7, on nid004235. (core affinity = 110)
Hello from rank 6, thread 0, on nid004235. (core affinity = 48)
Hello from rank 6, thread 1, on nid004235. (core affinity = 50)
Hello from rank 6, thread 2, on nid004235. (core affinity = 52)
Hello from rank 6, thread 3, on nid004235. (core affinity = 54)
Hello from rank 6, thread 4, on nid004235. (core affinity = 56)
Hello from rank 6, thread 5, on nid004235. (core affinity = 58)
Hello from rank 6, thread 6, on nid004235. (core affinity = 60)
Hello from rank 6, thread 7, on nid004235. (core affinity = 62)
Hello from rank 7, thread 0, on nid004235. (core affinity = 112)
Hello from rank 7, thread 1, on nid004235. (core affinity = 114)
Hello from rank 7, thread 2, on nid004235. (core affinity = 116)
Hello from rank 7, thread 3, on nid004235. (core affinity = 118)
Hello from rank 7, thread 4, on nid004235. (core affinity = 120)
Hello from rank 7, thread 5, on nid004235. (core affinity = 122)
Hello from rank 7, thread 6, on nid004235. (core affinity = 124)
Hello from rank 7, thread 7, on nid004235. (core affinity = 126)
try a different compiler, and different number of MPI tasks and threads

Lmod is automatically replacing "gcc/11.2.0" with "nvidia/22.7".


Lmod is automatically replacing "PrgEnv-gnu/8.3.3" with "PrgEnv-nvidia/8.3.3".


Due to MODULEPATH changes, the following have been reloaded:
  1) cray-mpich/8.1.25

Hello from rank 0, thread 0, on nid004235. (core affinity = 0)
Hello from rank 0, thread 1, on nid004235. (core affinity = 2)
Hello from rank 0, thread 2, on nid004235. (core affinity = 4)
Hello from rank 0, thread 3, on nid004235. (core affinity = 6)
Hello from rank 1, thread 0, on nid004235. (core affinity = 64)
Hello from rank 1, thread 1, on nid004235. (core affinity = 66)
Hello from rank 1, thread 2, on nid004235. (core affinity = 68)
Hello from rank 1, thread 3, on nid004235. (core affinity = 70)
Hello from rank 2, thread 0, on nid004235. (core affinity = 8)
Hello from rank 2, thread 1, on nid004235. (core affinity = 10)
Hello from rank 2, thread 2, on nid004235. (core affinity = 12)
Hello from rank 2, thread 3, on nid004235. (core affinity = 14)
Hello from rank 3, thread 0, on nid004235. (core affinity = 72)
Hello from rank 3, thread 1, on nid004235. (core affinity = 74)
Hello from rank 3, thread 2, on nid004235. (core affinity = 76)
Hello from rank 3, thread 3, on nid004235. (core affinity = 78)
Hello from rank 4, thread 0, on nid004235. (core affinity = 16)
Hello from rank 4, thread 1, on nid004235. (core affinity = 18)
Hello from rank 4, thread 2, on nid004235. (core affinity = 20)
Hello from rank 4, thread 3, on nid004235. (core affinity = 22)
Hello from rank 5, thread 0, on nid004235. (core affinity = 80)
Hello from rank 5, thread 1, on nid004235. (core affinity = 82)
Hello from rank 5, thread 2, on nid004235. (core affinity = 84)
Hello from rank 5, thread 3, on nid004235. (core affinity = 86)
Hello from rank 6, thread 0, on nid004235. (core affinity = 24)
Hello from rank 6, thread 1, on nid004235. (core affinity = 26)
Hello from rank 6, thread 2, on nid004235. (core affinity = 28)
Hello from rank 6, thread 3, on nid004235. (core affinity = 30)
Hello from rank 7, thread 0, on nid004235. (core affinity = 88)
Hello from rank 7, thread 1, on nid004235. (core affinity = 90)
Hello from rank 7, thread 2, on nid004235. (core affinity = 92)
Hello from rank 7, thread 3, on nid004235. (core affinity = 94)
Hello from rank 8, thread 0, on nid004235. (core affinity = 32)
Hello from rank 8, thread 1, on nid004235. (core affinity = 34)
Hello from rank 8, thread 2, on nid004235. (core affinity = 36)
Hello from rank 8, thread 3, on nid004235. (core affinity = 38)
Hello from rank 9, thread 0, on nid004235. (core affinity = 96)
Hello from rank 9, thread 1, on nid004235. (core affinity = 98)
Hello from rank 9, thread 2, on nid004235. (core affinity = 100)
Hello from rank 9, thread 3, on nid004235. (core affinity = 102)
Hello from rank 10, thread 0, on nid004235. (core affinity = 40)
Hello from rank 10, thread 1, on nid004235. (core affinity = 42)
Hello from rank 10, thread 2, on nid004235. (core affinity = 44)
Hello from rank 10, thread 3, on nid004235. (core affinity = 46)
Hello from rank 11, thread 0, on nid004235. (core affinity = 104)
Hello from rank 11, thread 1, on nid004235. (core affinity = 106)
Hello from rank 11, thread 2, on nid004235. (core affinity = 108)
Hello from rank 11, thread 3, on nid004235. (core affinity = 110)
Hello from rank 12, thread 0, on nid004235. (core affinity = 48)
Hello from rank 12, thread 1, on nid004235. (core affinity = 50)
Hello from rank 12, thread 2, on nid004235. (core affinity = 52)
Hello from rank 12, thread 3, on nid004235. (core affinity = 54)
Hello from rank 13, thread 0, on nid004235. (core affinity = 112)
Hello from rank 13, thread 1, on nid004235. (core affinity = 114)
Hello from rank 13, thread 2, on nid004235. (core affinity = 116)
Hello from rank 13, thread 3, on nid004235. (core affinity = 118)
Hello from rank 14, thread 0, on nid004235. (core affinity = 56)
Hello from rank 14, thread 1, on nid004235. (core affinity = 58)
Hello from rank 14, thread 2, on nid004235. (core affinity = 60)
Hello from rank 14, thread 3, on nid004235. (core affinity = 62)
Hello from rank 15, thread 0, on nid004235. (core affinity = 120)
Hello from rank 15, thread 1, on nid004235. (core affinity = 122)
Hello from rank 15, thread 2, on nid004235. (core affinity = 124)
Hello from rank 15, thread 3, on nid004235. (core affinity = 126)
try different OMP_PROC_BIND
Hello from rank 0, thread 0, on nid004235. (core affinity = 0)
Hello from rank 0, thread 1, on nid004235. (core affinity = 2)
Hello from rank 0, thread 2, on nid004235. (core affinity = 4)
Hello from rank 0, thread 3, on nid004235. (core affinity = 6)
Hello from rank 1, thread 0, on nid004235. (core affinity = 64)
Hello from rank 1, thread 1, on nid004235. (core affinity = 66)
Hello from rank 1, thread 2, on nid004235. (core affinity = 68)
Hello from rank 1, thread 3, on nid004235. (core affinity = 70)
Hello from rank 2, thread 0, on nid004235. (core affinity = 8)
Hello from rank 2, thread 1, on nid004235. (core affinity = 10)
Hello from rank 2, thread 2, on nid004235. (core affinity = 12)
Hello from rank 2, thread 3, on nid004235. (core affinity = 14)
Hello from rank 3, thread 0, on nid004235. (core affinity = 72)
Hello from rank 3, thread 1, on nid004235. (core affinity = 74)
Hello from rank 3, thread 2, on nid004235. (core affinity = 76)
Hello from rank 3, thread 3, on nid004235. (core affinity = 78)
Hello from rank 4, thread 0, on nid004235. (core affinity = 16)
Hello from rank 4, thread 1, on nid004235. (core affinity = 18)
Hello from rank 4, thread 2, on nid004235. (core affinity = 20)
Hello from rank 4, thread 3, on nid004235. (core affinity = 22)
Hello from rank 5, thread 0, on nid004235. (core affinity = 80)
Hello from rank 5, thread 1, on nid004235. (core affinity = 82)
Hello from rank 5, thread 2, on nid004235. (core affinity = 84)
Hello from rank 5, thread 3, on nid004235. (core affinity = 86)
Hello from rank 6, thread 0, on nid004235. (core affinity = 24)
Hello from rank 6, thread 1, on nid004235. (core affinity = 26)
Hello from rank 6, thread 2, on nid004235. (core affinity = 28)
Hello from rank 6, thread 3, on nid004235. (core affinity = 30)
Hello from rank 7, thread 0, on nid004235. (core affinity = 88)
Hello from rank 7, thread 1, on nid004235. (core affinity = 90)
Hello from rank 7, thread 2, on nid004235. (core affinity = 92)
Hello from rank 7, thread 3, on nid004235. (core affinity = 94)
Hello from rank 8, thread 0, on nid004235. (core affinity = 32)
Hello from rank 8, thread 1, on nid004235. (core affinity = 34)
Hello from rank 8, thread 2, on nid004235. (core affinity = 36)
Hello from rank 8, thread 3, on nid004235. (core affinity = 38)
Hello from rank 9, thread 0, on nid004235. (core affinity = 96)
Hello from rank 9, thread 1, on nid004235. (core affinity = 98)
Hello from rank 9, thread 2, on nid004235. (core affinity = 100)
Hello from rank 9, thread 3, on nid004235. (core affinity = 102)
Hello from rank 10, thread 0, on nid004235. (core affinity = 40)
Hello from rank 10, thread 1, on nid004235. (core affinity = 42)
Hello from rank 10, thread 2, on nid004235. (core affinity = 44)
Hello from rank 10, thread 3, on nid004235. (core affinity = 46)
Hello from rank 11, thread 0, on nid004235. (core affinity = 104)
Hello from rank 11, thread 1, on nid004235. (core affinity = 106)
Hello from rank 11, thread 2, on nid004235. (core affinity = 108)
Hello from rank 11, thread 3, on nid004235. (core affinity = 110)
Hello from rank 12, thread 0, on nid004235. (core affinity = 48)
Hello from rank 12, thread 1, on nid004235. (core affinity = 50)
Hello from rank 12, thread 2, on nid004235. (core affinity = 52)
Hello from rank 12, thread 3, on nid004235. (core affinity = 54)
Hello from rank 13, thread 0, on nid004235. (core affinity = 112)
Hello from rank 13, thread 1, on nid004235. (core affinity = 114)
Hello from rank 13, thread 2, on nid004235. (core affinity = 116)
Hello from rank 13, thread 3, on nid004235. (core affinity = 118)
Hello from rank 14, thread 0, on nid004235. (core affinity = 56)
Hello from rank 14, thread 1, on nid004235. (core affinity = 58)
Hello from rank 14, thread 2, on nid004235. (core affinity = 60)
Hello from rank 14, thread 3, on nid004235. (core affinity = 62)
Hello from rank 15, thread 0, on nid004235. (core affinity = 120)
Hello from rank 15, thread 1, on nid004235. (core affinity = 122)
Hello from rank 15, thread 2, on nid004235. (core affinity = 124)
Hello from rank 15, thread 3, on nid004235. (core affinity = 126)
